<?xml version="1.0" encoding="UTF-8"?>
<port_setup version="1.1">
  <port_list>
    <port id="1">
      <name>P1_POS</name>
      <plus_pin>P1_POS</plus_pin>
      <minus_pin>P1_NEG</minus_pin>
      <impedance>
        <real>50</real>
        <imag>0</imag>
      </impedance>
    </port>
    <port id="2">
      <name>P2_POS</name>
      <plus_pin>P2_POS</plus_pin>
      <minus_pin>P2_NEG</minus_pin>
      <impedance>
        <real>50</real>
        <imag>0</imag>
      </impedance>
    </port>
  </port_list>
</port_setup>
