License checkout took 0.049 sec
License checkout took 0.033 sec
Momentum MomEngine_64 2026.10.411 (*) built: Oct 13 2025
Copyright  1992 - 2025 Keysight Technologies
Simulation started on: Fri Dec  5 11:17:57 2025
Simulation Mode: uW
Substrate valid
Using the minimal snap distance of 0.0004 mm
(4 layout resolution points) for layout healing.
Layout simplification started
.........|.........|.........|.........| 
Layout simplification finished
Generating mesh at 10 MHz...
S-parameter simulation
S-parameter simulation started
...initializing
...expanding thick conductors
...extracting layout
...analyzing ports
...reducing mesh
Automatic selection: direct dense matrix solver
Using multi-threading (16 threads)
Matrix size: 270 (reduced: 142)
Simulation temperature: 298.15 K
Frequency sweep started
Simulation frequency [1] = 10 MHz
...loading Green functions
...creating Basis sections
...allocating interaction matrix
...loading surface impedances
.........|.........|.........|.........| 
...loading interaction matrix
.........|.........|.........|.........| 
...solving interaction matrix
.........|.........|.........|.........| 
...calculating S-parameters
S-parameter simulation finished
Simulation finished on: Fri Dec  5 11:17:59 2025
