==============================================================================

                  ------ MOMENTUM STATISTICS (MW mode) ------

              Momentum MomEngine_64 2026.10.411 (*) built: Oct 13 2025
                           Wed Dec  3 12:36:15 2025

==============================================================================


------------------------------------------------------------------------------
MESH
------------------------------------------------------------------------------
 Frequency          : 0.01001 GHz

 Rectangular cells  : 4
 Quadrangular cells : 23
 Triangular cells   : 22
 Via cells          : 0

 Edge currents      : 64

------------------------------------------------------------------------------
SOLVER                        USER TIME      ELAPSED TIME      MEMORY         
PROCESSES                      (h:m:s)          (h:m:s)         (MB)          
------------------------------------------------------------------------------

SIMULATION SET-UP
-----------------
 Initialization           |     0: 0: 0   |     0: 0: 0   |     34.94   
 Ports analysis           |     0: 0: 0   |     0: 0: 0   |      0.11   
 Mesh processing          |     0: 0: 0   |     0: 0: 0   |     19.29   

 Matrix size : 270
 Reduced matrix size : 142
 Estimated process size is below 256.00 MB

 Simulation temperature : 298.15 K

1. SIMULATION FREQUENCY = 9.99 MHz 
-------------------------
 Green functions          |     0: 0: 0   |     0: 0: 0   |      1.40   
 Basis creation           |     0: 0: 0   |     0: 0: 0   |      5.27   
 Matrix load              |     0: 0: 0   |     0: 0: 0   |     39.66   
 Matrix solve             |     0: 0: 0   |     0: 0: 0   |      0.00   
 S parameters             |     0: 0: 0   |     0: 0: 0   |      0.00   

2. SIMULATION FREQUENCY = 9.9904 MHz 
-------------------------
 Green functions          |     0: 0: 0   |     0: 0: 0   |      0.00   
 Matrix load              |     0: 0: 1   |     0: 0: 0   |      4.62   
 Matrix solve             |     0: 0: 0   |     0: 0: 0   |      0.00   
 S parameters             |     0: 0: 0   |     0: 0: 0   |      0.00   

3. SIMULATION FREQUENCY = 9.9908 MHz 
-------------------------
 Green functions          |     0: 0: 0   |     0: 0: 0   |      0.00   
 Matrix load              |     0: 0: 1   |     0: 0: 0   |      0.00   
 Matrix solve             |     0: 0: 0   |     0: 0: 0   |      0.00   
 S parameters             |     0: 0: 0   |     0: 0: 0   |      0.00   

4. SIMULATION FREQUENCY = 9.9912 MHz 
-------------------------
 Green functions          |     0: 0: 1   |     0: 0: 0   |      0.00   
 Matrix load              |     0: 0: 1   |     0: 0: 0   |      0.20   
 Matrix solve             |     0: 0: 0   |     0: 0: 0   |      0.00   
 S parameters             |     0: 0: 0   |     0: 0: 0   |      0.00   

5. SIMULATION FREQUENCY = 9.9916 MHz 
-------------------------
 Green functions          |     0: 0: 0   |     0: 0: 1   |      0.00   
 Matrix load              |     0: 0: 1   |     0: 0: 0   |      0.11   
 Matrix solve             |     0: 0: 0   |     0: 0: 0   |      0.00   
 S parameters             |     0: 0: 0   |     0: 0: 0   |      0.00   

6. SIMULATION FREQUENCY = 9.992 MHz 
-------------------------
 Green functions          |     0: 0: 0   |     0: 0: 0   |      0.00   
 Matrix load              |     0: 0: 1   |     0: 0: 0   |      0.00   
 Matrix solve             |     0: 0: 0   |     0: 0: 0   |      0.00   
 S parameters             |     0: 0: 0   |     0: 0: 0   |      0.00   

7. SIMULATION FREQUENCY = 9.9924 MHz 
-------------------------
 Green functions          |     0: 0: 0   |     0: 0: 0   |      0.00   
 Matrix load              |     0: 0: 1   |     0: 0: 0   |      0.16   
 Matrix solve             |     0: 0: 0   |     0: 0: 0   |      0.00   
 S parameters             |     0: 0: 0   |     0: 0: 0   |      0.00   

8. SIMULATION FREQUENCY = 9.9928 MHz 
-------------------------
 Green functions          |     0: 0: 0   |     0: 0: 0   |      0.00   
 Matrix load              |     0: 0: 1   |     0: 0: 0   |      0.00   
 Matrix solve             |     0: 0: 0   |     0: 0: 0   |      0.00   
 S parameters             |     0: 0: 0   |     0: 0: 0   |      0.00   

9. SIMULATION FREQUENCY = 9.9932 MHz 
-------------------------
 Green functions          |     0: 0: 0   |     0: 0: 0   |      0.00   
 Matrix load              |     0: 0: 1   |     0: 0: 0   |      0.05   
 Matrix solve             |     0: 0: 0   |     0: 0: 0   |      0.00   
 S parameters             |     0: 0: 0   |     0: 0: 0   |      0.00   

10. SIMULATION FREQUENCY = 9.9936 MHz 
-------------------------
 Green functions          |     0: 0: 1   |     0: 0: 0   |      0.00   
 Matrix load              |     0: 0: 1   |     0: 0: 0   |      0.20   
 Matrix solve             |     0: 0: 0   |     0: 0: 0   |      0.00   
 S parameters             |     0: 0: 0   |     0: 0: 0   |      0.00   

11. SIMULATION FREQUENCY = 9.994 MHz 
-------------------------
 Green functions          |     0: 0: 0   |     0: 0: 0   |      0.00   
 Matrix load              |     0: 0: 1   |     0: 0: 1   |      0.03   
 Matrix solve             |     0: 0: 0   |     0: 0: 0   |      0.00   
 S parameters             |     0: 0: 0   |     0: 0: 0   |      0.00   

12. SIMULATION FREQUENCY = 9.9944 MHz 
-------------------------
 Green functions          |     0: 0: 0   |     0: 0: 0   |      0.00   
 Matrix load              |     0: 0: 1   |     0: 0: 0   |      0.09   
 Matrix solve             |     0: 0: 0   |     0: 0: 0   |      0.00   
 S parameters             |     0: 0: 0   |     0: 0: 0   |      0.00   

13. SIMULATION FREQUENCY = 9.9948 MHz 
-------------------------
 Green functions          |     0: 0: 0   |     0: 0: 0   |      0.00   
 Matrix load              |     0: 0: 1   |     0: 0: 0   |      0.24   
 Matrix solve             |     0: 0: 0   |     0: 0: 0   |      0.00   
 S parameters             |     0: 0: 0   |     0: 0: 0   |      0.00   

14. SIMULATION FREQUENCY = 9.9952 MHz 
-------------------------
 Green functions          |     0: 0: 0   |     0: 0: 0   |      0.00   
 Matrix load              |     0: 0: 1   |     0: 0: 0   |      0.04   
 Matrix solve             |     0: 0: 0   |     0: 0: 0   |      0.00   
 S parameters             |     0: 0: 0   |     0: 0: 0   |      0.00   

15. SIMULATION FREQUENCY = 9.9956 MHz 
-------------------------
 Green functions          |     0: 0: 0   |     0: 0: 0   |      0.00   
 Matrix load              |     0: 0: 1   |     0: 0: 0   |      0.04   
 Matrix solve             |     0: 0: 0   |     0: 0: 0   |      0.00   
 S parameters             |     0: 0: 0   |     0: 0: 0   |      0.00   

16. SIMULATION FREQUENCY = 9.996 MHz 
-------------------------
 Green functions          |     0: 0: 0   |     0: 0: 0   |      0.00   
 Matrix load              |     0: 0: 2   |     0: 0: 0   |      0.00   
 Matrix solve             |     0: 0: 0   |     0: 0: 0   |      0.00   
 S parameters             |     0: 0: 0   |     0: 0: 0   |      0.00   

17. SIMULATION FREQUENCY = 9.9964 MHz 
-------------------------
 Green functions          |     0: 0: 0   |     0: 0: 0   |      0.00   
 Matrix load              |     0: 0: 1   |     0: 0: 0   |      0.20   
 Matrix solve             |     0: 0: 0   |     0: 0: 0   |      0.00   
 S parameters             |     0: 0: 0   |     0: 0: 0   |      0.00   

18. SIMULATION FREQUENCY = 9.9968 MHz 
-------------------------
 Green functions          |     0: 0: 0   |     0: 0: 1   |      0.00   
 Matrix load              |     0: 0: 1   |     0: 0: 0   |      0.04   
 Matrix solve             |     0: 0: 0   |     0: 0: 0   |      0.00   
 S parameters             |     0: 0: 0   |     0: 0: 0   |      0.00   

19. SIMULATION FREQUENCY = 9.9972 MHz 
-------------------------
 Green functions          |     0: 0: 0   |     0: 0: 0   |      0.00   
 Matrix load              |     0: 0: 1   |     0: 0: 0   |      0.20   
 Matrix solve             |     0: 0: 0   |     0: 0: 0   |      0.00   
 S parameters             |     0: 0: 0   |     0: 0: 0   |      0.00   

20. SIMULATION FREQUENCY = 9.9976 MHz 
-------------------------
 Green functions          |     0: 0: 0   |     0: 0: 0   |      0.00   
 Matrix load              |     0: 0: 1   |     0: 0: 0   |      0.10   
 Matrix solve             |     0: 0: 0   |     0: 0: 0   |      0.00   
 S parameters             |     0: 0: 0   |     0: 0: 0   |      0.00   

21. SIMULATION FREQUENCY = 9.998 MHz 
-------------------------
 Green functions          |     0: 0: 0   |     0: 0: 0   |      0.00   
 Matrix load              |     0: 0: 1   |     0: 0: 0   |      0.02   
 Matrix solve             |     0: 0: 0   |     0: 0: 0   |      0.00   
 S parameters             |     0: 0: 0   |     0: 0: 0   |      0.00   

22. SIMULATION FREQUENCY = 9.9984 MHz 
-------------------------
 Green functions          |     0: 0: 0   |     0: 0: 0   |      0.00   
 Matrix load              |     0: 0: 1   |     0: 0: 0   |      0.00   
 Matrix solve             |     0: 0: 0   |     0: 0: 0   |      0.00   
 S parameters             |     0: 0: 0   |     0: 0: 0   |      0.00   

23. SIMULATION FREQUENCY = 9.9988 MHz 
-------------------------
 Green functions          |     0: 0: 1   |     0: 0: 0   |      0.00   
 Matrix load              |     0: 0: 1   |     0: 0: 0   |      0.13   
 Matrix solve             |     0: 0: 0   |     0: 0: 0   |      0.00   
 S parameters             |     0: 0: 0   |     0: 0: 0   |      0.00   

24. SIMULATION FREQUENCY = 9.9992 MHz 
-------------------------
 Green functions          |     0: 0: 0   |     0: 0: 0   |      0.00   
 Matrix load              |     0: 0: 1   |     0: 0: 1   |      0.02   
 Matrix solve             |     0: 0: 0   |     0: 0: 0   |      0.00   
 S parameters             |     0: 0: 0   |     0: 0: 0   |      0.00   

25. SIMULATION FREQUENCY = 9.9996 MHz 
-------------------------
 Green functions          |     0: 0: 0   |     0: 0: 0   |      0.00   
 Matrix load              |     0: 0: 1   |     0: 0: 0   |      0.00   
 Matrix solve             |     0: 0: 0   |     0: 0: 0   |      0.00   
 S parameters             |     0: 0: 0   |     0: 0: 0   |      0.00   

26. SIMULATION FREQUENCY = 10 MHz 
-------------------------
 Green functions          |     0: 0: 1   |     0: 0: 0   |      0.00   
 Matrix load              |     0: 0: 0   |     0: 0: 0   |      0.23   
 Matrix solve             |     0: 0: 1   |     0: 0: 0   |      0.00   
 S parameters             |     0: 0: 0   |     0: 0: 0   |      0.00   

27. SIMULATION FREQUENCY = 10.0004 MHz 
-------------------------
 Green functions          |     0: 0: 0   |     0: 0: 0   |      0.00   
 Matrix load              |     0: 0: 1   |     0: 0: 0   |      0.00   
 Matrix solve             |     0: 0: 0   |     0: 0: 0   |      0.00   
 S parameters             |     0: 0: 0   |     0: 0: 0   |      0.00   

28. SIMULATION FREQUENCY = 10.0008 MHz 
-------------------------
 Green functions          |     0: 0: 0   |     0: 0: 0   |      0.00   
 Matrix load              |     0: 0: 1   |     0: 0: 0   |      0.07   
 Matrix solve             |     0: 0: 0   |     0: 0: 0   |      0.00   
 S parameters             |     0: 0: 0   |     0: 0: 0   |      0.00   

29. SIMULATION FREQUENCY = 10.0012 MHz 
-------------------------
 Green functions          |     0: 0: 0   |     0: 0: 0   |      0.00   
 Matrix load              |     0: 0: 1   |     0: 0: 0   |      0.04   
 Matrix solve             |     0: 0: 0   |     0: 0: 0   |      0.00   
 S parameters             |     0: 0: 0   |     0: 0: 0   |      0.00   

30. SIMULATION FREQUENCY = 10.0016 MHz 
-------------------------
 Green functions          |     0: 0: 0   |     0: 0: 0   |      0.00   
 Matrix load              |     0: 0: 2   |     0: 0: 1   |      0.26   
 Matrix solve             |     0: 0: 0   |     0: 0: 0   |      0.00   
 S parameters             |     0: 0: 0   |     0: 0: 0   |      0.00   

31. SIMULATION FREQUENCY = 10.002 MHz 
-------------------------
 Green functions          |     0: 0: 0   |     0: 0: 0   |      0.00   
 Matrix load              |     0: 0: 1   |     0: 0: 0   |      0.00   
 Matrix solve             |     0: 0: 0   |     0: 0: 0   |      0.00   
 S parameters             |     0: 0: 0   |     0: 0: 0   |      0.00   

32. SIMULATION FREQUENCY = 10.0024 MHz 
-------------------------
 Green functions          |     0: 0: 1   |     0: 0: 0   |      0.00   
 Matrix load              |     0: 0: 1   |     0: 0: 0   |      0.00   
 Matrix solve             |     0: 0: 0   |     0: 0: 0   |      0.00   
 S parameters             |     0: 0: 0   |     0: 0: 0   |      0.00   

33. SIMULATION FREQUENCY = 10.0028 MHz 
-------------------------
 Green functions          |     0: 0: 0   |     0: 0: 0   |      0.00   
 Matrix load              |     0: 0: 1   |     0: 0: 0   |      0.00   
 Matrix solve             |     0: 0: 0   |     0: 0: 0   |      0.00   
 S parameters             |     0: 0: 0   |     0: 0: 0   |      0.00   

34. SIMULATION FREQUENCY = 10.0032 MHz 
-------------------------
 Green functions          |     0: 0: 0   |     0: 0: 0   |      0.00   
 Matrix load              |     0: 0: 1   |     0: 0: 0   |      0.06   
 Matrix solve             |     0: 0: 0   |     0: 0: 0   |      0.00   
 S parameters             |     0: 0: 0   |     0: 0: 0   |      0.00   

35. SIMULATION FREQUENCY = 10.0036 MHz 
-------------------------
 Green functions          |     0: 0: 1   |     0: 0: 0   |      0.00   
 Matrix load              |     0: 0: 1   |     0: 0: 0   |      0.07   
 Matrix solve             |     0: 0: 0   |     0: 0: 0   |      0.00   
 S parameters             |     0: 0: 0   |     0: 0: 0   |      0.00   

36. SIMULATION FREQUENCY = 10.004 MHz 
-------------------------
 Green functions          |     0: 0: 0   |     0: 0: 0   |      0.00   
 Matrix load              |     0: 0: 1   |     0: 0: 1   |      0.00   
 Matrix solve             |     0: 0: 0   |     0: 0: 0   |      0.00   
 S parameters             |     0: 0: 0   |     0: 0: 0   |      0.00   

37. SIMULATION FREQUENCY = 10.0044 MHz 
-------------------------
 Green functions          |     0: 0: 0   |     0: 0: 0   |      0.00   
 Matrix load              |     0: 0: 0   |     0: 0: 0   |      0.45   
 Matrix solve             |     0: 0: 0   |     0: 0: 0   |      0.00   
 S parameters             |     0: 0: 0   |     0: 0: 0   |      0.00   

38. SIMULATION FREQUENCY = 10.0048 MHz 
-------------------------
 Green functions          |     0: 0: 1   |     0: 0: 0   |      0.00   
 Matrix load              |     0: 0: 1   |     0: 0: 0   |      0.18   
 Matrix solve             |     0: 0: 0   |     0: 0: 0   |      0.00   
 S parameters             |     0: 0: 0   |     0: 0: 0   |      0.00   

39. SIMULATION FREQUENCY = 10.0052 MHz 
-------------------------
 Green functions          |     0: 0: 0   |     0: 0: 0   |      0.00   
 Matrix load              |     0: 0: 0   |     0: 0: 0   |      0.27   
 Matrix solve             |     0: 0: 1   |     0: 0: 0   |      0.00   
 S parameters             |     0: 0: 0   |     0: 0: 0   |      0.00   

40. SIMULATION FREQUENCY = 10.0056 MHz 
-------------------------
 Green functions          |     0: 0: 0   |     0: 0: 0   |      0.00   
 Matrix load              |     0: 0: 1   |     0: 0: 0   |      0.17   
 Matrix solve             |     0: 0: 0   |     0: 0: 0   |      0.00   
 S parameters             |     0: 0: 0   |     0: 0: 0   |      0.00   

41. SIMULATION FREQUENCY = 10.006 MHz 
-------------------------
 Green functions          |     0: 0: 0   |     0: 0: 0   |      0.00   
 Matrix load              |     0: 0: 1   |     0: 0: 0   |      0.00   
 Matrix solve             |     0: 0: 0   |     0: 0: 0   |      0.00   
 S parameters             |     0: 0: 0   |     0: 0: 0   |      0.00   

42. SIMULATION FREQUENCY = 10.0064 MHz 
-------------------------
 Green functions          |     0: 0: 0   |     0: 0: 0   |      0.00   
 Matrix load              |     0: 0: 1   |     0: 0: 0   |      0.00   
 Matrix solve             |     0: 0: 0   |     0: 0: 0   |      0.00   
 S parameters             |     0: 0: 0   |     0: 0: 0   |      0.00   

43. SIMULATION FREQUENCY = 10.0068 MHz 
-------------------------
 Green functions          |     0: 0: 1   |     0: 0: 0   |      0.00   
 Matrix load              |     0: 0: 1   |     0: 0: 1   |      0.00   
 Matrix solve             |     0: 0: 0   |     0: 0: 0   |      0.00   
 S parameters             |     0: 0: 0   |     0: 0: 0   |      0.00   

44. SIMULATION FREQUENCY = 10.0072 MHz 
-------------------------
 Green functions          |     0: 0: 0   |     0: 0: 0   |      0.00   
 Matrix load              |     0: 0: 1   |     0: 0: 0   |      0.00   
 Matrix solve             |     0: 0: 0   |     0: 0: 0   |      0.00   
 S parameters             |     0: 0: 0   |     0: 0: 0   |      0.00   

45. SIMULATION FREQUENCY = 10.0076 MHz 
-------------------------
 Green functions          |     0: 0: 0   |     0: 0: 0   |      0.00   
 Matrix load              |     0: 0: 2   |     0: 0: 0   |      0.00   
 Matrix solve             |     0: 0: 0   |     0: 0: 0   |      0.00   
 S parameters             |     0: 0: 0   |     0: 0: 0   |      0.00   

46. SIMULATION FREQUENCY = 10.008 MHz 
-------------------------
 Green functions          |     0: 0: 0   |     0: 0: 0   |      0.00   
 Matrix load              |     0: 0: 1   |     0: 0: 0   |      0.00   
 Matrix solve             |     0: 0: 0   |     0: 0: 0   |      0.00   
 S parameters             |     0: 0: 0   |     0: 0: 0   |      0.00   

47. SIMULATION FREQUENCY = 10.0084 MHz 
-------------------------
 Green functions          |     0: 0: 0   |     0: 0: 0   |      0.00   
 Matrix load              |     0: 0: 1   |     0: 0: 0   |      0.00   
 Matrix solve             |     0: 0: 0   |     0: 0: 0   |      0.00   
 S parameters             |     0: 0: 0   |     0: 0: 0   |      0.00   

48. SIMULATION FREQUENCY = 10.0088 MHz 
-------------------------
 Green functions          |     0: 0: 1   |     0: 0: 0   |      0.00   
 Matrix load              |     0: 0: 0   |     0: 0: 0   |      0.00   
 Matrix solve             |     0: 0: 0   |     0: 0: 0   |      0.00   
 S parameters             |     0: 0: 0   |     0: 0: 0   |      0.00   

49. SIMULATION FREQUENCY = 10.0092 MHz 
-------------------------
 Green functions          |     0: 0: 1   |     0: 0: 0   |      0.00   
 Matrix load              |     0: 0: 1   |     0: 0: 0   |      0.00   
 Matrix solve             |     0: 0: 0   |     0: 0: 0   |      0.00   
 S parameters             |     0: 0: 0   |     0: 0: 0   |      0.00   

50. SIMULATION FREQUENCY = 10.0096 MHz 
-------------------------
 Green functions          |     0: 0: 0   |     0: 0: 0   |      0.00   
 Matrix load              |     0: 0: 1   |     0: 0: 1   |      0.00   
 Matrix solve             |     0: 0: 0   |     0: 0: 0   |      0.00   
 S parameters             |     0: 0: 0   |     0: 0: 0   |      0.00   

51. SIMULATION FREQUENCY = 10.01 MHz 
-------------------------
 Green functions          |     0: 0: 0   |     0: 0: 0   |      0.00   
 Matrix load              |     0: 0: 1   |     0: 0: 0   |      0.33   
 Matrix solve             |     0: 0: 0   |     0: 0: 0   |      0.00   
 S parameters             |     0: 0: 0   |     0: 0: 0   |      0.00   

------------------------------------------------------------------------------
TOTALS
------------------------------------------------------------------------------
 Nr of Frequencies   : 51 

 Physical memory :    109.28 MB
 Virtual memory  :     93.88 MB
 Page faults     :       388767
 User Time       :    0h 1m 1s
 Elapsed Time    :    0h 0m 8s

==============================================================================

